2025-06-03 09:14:36.097 [main] INFO  com.Peliculas.util.DatabaseUtil - Estableciendo conexion a la base de datos...
2025-06-03 09:14:36.249 [main] INFO  com.Peliculas.util.DatabaseUtil - Tabla 'Directores' creada o ya existe.
2025-06-03 09:14:36.270 [main] INFO  com.Peliculas.util.DatabaseUtil - Tabla 'Peliculas' creada o ya existe.
2025-06-03 09:15:11.853 [main] INFO  com.Peliculas.util.DatabaseUtil - Estableciendo conexion a la base de datos...
2025-06-03 09:15:11.869 [main] INFO  com.Peliculas.DAO.impl.DirectorDAOImpl - Director guardado: Director{id=1, nombre='Stiven', apellido='Spilberg'}
2025-06-03 09:15:27.936 [main] INFO  com.Peliculas.util.DatabaseUtil - Estableciendo conexion a la base de datos...
2025-06-03 09:15:27.936 [main] INFO  com.Peliculas.DAO.impl.DirectorDAOImpl - Director guardado: Director{id=2, nombre='Mariano', apellido='Lopez'}
2025-06-03 09:15:37.992 [main] INFO  com.Peliculas.util.DatabaseUtil - Estableciendo conexion a la base de datos...
2025-06-03 09:15:37.992 [main] INFO  com.Peliculas.DAO.impl.DirectorDAOImpl - Director encontrado por ID: Director{id=1, nombre='Stiven', apellido='Spilberg'}
2025-06-03 09:15:54.088 [main] INFO  com.Peliculas.util.DatabaseUtil - Estableciendo conexion a la base de datos...
2025-06-03 09:15:54.088 [main] INFO  com.Peliculas.DAO.impl.DirectorDAOImpl - Director guardado: Director{id=3, nombre='Lucio', apellido='Arena'}
2025-06-03 09:16:18.244 [main] INFO  com.Peliculas.util.DatabaseUtil - Estableciendo conexion a la base de datos...
2025-06-03 09:16:18.244 [main] INFO  com.Peliculas.DAO.impl.DirectorDAOImpl - Director encontrado por ID: Director{id=1, nombre='Stiven', apellido='Spilberg'}
2025-06-03 09:16:18.275 [main] INFO  com.Peliculas.util.DatabaseUtil - Estableciendo conexion a la base de datos...
2025-06-03 09:16:18.291 [main] INFO  com.Peliculas.DAO.impl.PeliculaDAOImpl - Pelicula guardada: Pelicula{id=1, titulo='Avatar', anioLanzamiento=2020, directorId=1}
2025-06-03 09:16:18.307 [main] INFO  com.Peliculas.main.mainApp - Pelicula creada exitosamente con ID: 1
2025-06-03 09:16:51.389 [main] INFO  com.Peliculas.util.DatabaseUtil - Estableciendo conexion a la base de datos...
2025-06-03 09:16:51.406 [main] INFO  com.Peliculas.DAO.impl.DirectorDAOImpl - Director encontrado por ID: Director{id=2, nombre='Mariano', apellido='Lopez'}
2025-06-03 09:16:51.421 [main] INFO  com.Peliculas.util.DatabaseUtil - Estableciendo conexion a la base de datos...
2025-06-03 09:16:51.437 [main] INFO  com.Peliculas.DAO.impl.PeliculaDAOImpl - Pelicula guardada: Pelicula{id=2, titulo='Rey Leon', anioLanzamiento=2021, directorId=2}
2025-06-03 09:16:51.437 [main] INFO  com.Peliculas.main.mainApp - Pelicula creada exitosamente con ID: 2
2025-06-03 09:17:20.530 [main] INFO  com.Peliculas.util.DatabaseUtil - Estableciendo conexion a la base de datos...
2025-06-03 09:17:20.530 [main] INFO  com.Peliculas.DAO.impl.DirectorDAOImpl - Director encontrado por ID: Director{id=3, nombre='Lucio', apellido='Arena'}
2025-06-03 09:17:20.561 [main] INFO  com.Peliculas.util.DatabaseUtil - Estableciendo conexion a la base de datos...
2025-06-03 09:17:20.578 [main] INFO  com.Peliculas.DAO.impl.PeliculaDAOImpl - Pelicula guardada: Pelicula{id=3, titulo='Destino Final', anioLanzamiento=2025, directorId=3}
2025-06-03 09:17:20.593 [main] INFO  com.Peliculas.main.mainApp - Pelicula creada exitosamente con ID: 3
2025-06-03 09:17:28.589 [main] INFO  com.Peliculas.util.DatabaseUtil - Estableciendo conexion a la base de datos...
2025-06-03 09:17:28.621 [main] INFO  com.Peliculas.DAO.impl.PeliculaDAOImpl - Listando todas las peliculas. Total: 3
2025-06-03 09:20:24.034 [main] INFO  com.Peliculas.util.DatabaseUtil - Estableciendo conexion a la base de datos...
2025-06-03 09:20:24.216 [main] INFO  com.Peliculas.util.DatabaseUtil - Tabla 'Directores' creada o ya existe.
2025-06-03 09:20:24.216 [main] INFO  com.Peliculas.util.DatabaseUtil - Tabla 'Peliculas' creada o ya existe.
2025-06-03 09:20:29.598 [main] INFO  com.Peliculas.util.DatabaseUtil - Estableciendo conexion a la base de datos...
2025-06-03 09:20:29.820 [main] INFO  com.Peliculas.DAO.impl.PeliculaDAOImpl - Listando todas las peliculas. Total: 3
